<?xml version="1.0" encoding="UTF-8"?>
<!-- Generated by org.testng.reporters.JUnitReportReporter -->
<testsuite hostname="DESKTOP-H0PI4DT" failures="0" tests="1" name="readData.AlertConditionalWait" time="10.914" errors="0" timestamp="2022-07-08T10:15:49 IST" skipped="0">
  <testcase classname="readData.AlertConditionalWait" name="login" time="10.914"/>
</testsuite> <!-- readData.AlertConditionalWait -->
