<?xml version="1.0" encoding="UTF-8"?>
<!-- Generated by org.testng.reporters.JUnitReportReporter -->
<testsuite hostname="DESKTOP-H0PI4DT" failures="0" tests="1" name="xpathAsixExample.HYRExample" time="4.322" errors="0" timestamp="2022-07-12T09:38:20 IST" skipped="0">
  <testcase classname="xpathAsixExample.HYRExample" name="dynamicTableCOntentTest" time="4.322"/>
</testsuite> <!-- xpathAsixExample.HYRExample -->
