<?xml version="1.0" encoding="UTF-8"?>
<!-- Generated by org.testng.reporters.JUnitReportReporter -->
<testsuite hostname="DESKTOP-H0PI4DT" failures="0" tests="1" name="actions.ContextAndDoubleCLick" time="2.363" errors="0" timestamp="2022-07-08T11:06:59 IST" skipped="0">
  <testcase classname="actions.ContextAndDoubleCLick" name="doubleClickTest" time="2.363"/>
</testsuite> <!-- actions.ContextAndDoubleCLick -->
