<?xml version="1.0" encoding="UTF-8"?>
<!-- Generated by org.testng.reporters.JUnitReportReporter -->
<testsuite hostname="DESKTOP-H0PI4DT" failures="0" tests="4" name="gridExample.HRMLoginTest" time="13.311" errors="0" timestamp="2022-07-14T10:23:23 IST" skipped="0">
  <testcase classname="gridExample.HRMLoginTest" name="login" time="4.959"/>
  <testcase classname="gridExample.HRMLoginTest" name="login" time="3.685"/>
  <testcase classname="gridExample.HRMLoginTest" name="logout" time="1.825"/>
  <testcase classname="gridExample.HRMLoginTest" name="logout" time="2.842"/>
</testsuite> <!-- gridExample.HRMLoginTest -->
