<?xml version="1.0" encoding="UTF-8"?>
<!-- Generated by org.testng.reporters.JUnitReportReporter -->
<testsuite hostname="DESKTOP-H0PI4DT" failures="0" tests="1" name="javascriptExample.MyntraTest" time="0.243" errors="0" timestamp="2022-07-11T09:42:25 IST" skipped="0">
  <testcase classname="javascriptExample.MyntraTest" name="wishList" time="0.243"/>
</testsuite> <!-- javascriptExample.MyntraTest -->
