<?xml version="1.0" encoding="UTF-8"?>
<!-- Generated by org.testng.reporters.JUnitReportReporter -->
<testsuite hostname="DESKTOP-H0PI4DT" failures="0" tests="1" name="xpathAsixExample.AmazonSeeMoreExample" time="22.633" errors="0" timestamp="2022-07-12T09:57:36 IST" skipped="0">
  <testcase classname="xpathAsixExample.AmazonSeeMoreExample" name="SeeMoreTest" time="22.633"/>
</testsuite> <!-- xpathAsixExample.AmazonSeeMoreExample -->
