<?xml version="1.0" encoding="UTF-8"?>
<!-- Generated by org.testng.reporters.JUnitReportReporter -->
<testsuite hostname="DESKTOP-H0PI4DT" failures="0" tests="1" name="actions.AmazonWishListTakeScreenshot" time="0.889" errors="0" timestamp="2022-07-11T09:57:35 IST" skipped="0">
  <testcase classname="actions.AmazonWishListTakeScreenshot" name="wishList" time="0.889"/>
</testsuite> <!-- actions.AmazonWishListTakeScreenshot -->
