<?xml version="1.0" encoding="UTF-8"?>
<!-- Generated by org.testng.reporters.JUnitReportReporter -->
<testsuite hostname="DESKTOP-H0PI4DT" failures="0" tests="4" name="dataDrivenTest.HRMLogin_DDT" time="23.536" errors="0" timestamp="2022-07-13T10:10:47 IST" skipped="0">
  <testcase classname="dataDrivenTest.HRMLogin_DDT" name="verifyLoginFeatureWithInavlidCred" time="6.095"/>
  <testcase classname="dataDrivenTest.HRMLogin_DDT" name="verifyLoginFeatureWithInavlidCred" time="5.974"/>
  <testcase classname="dataDrivenTest.HRMLogin_DDT" name="verifyLoginFeatureWithInavlidCred" time="5.762"/>
  <testcase classname="dataDrivenTest.HRMLogin_DDT" name="verifyLoginFeatureWithInavlidCred" time="5.705"/>
</testsuite> <!-- dataDrivenTest.HRMLogin_DDT -->
