<?xml version="1.0" encoding="UTF-8"?>
<!-- Generated by org.testng.reporters.JUnitReportReporter -->
<testsuite hostname="DESKTOP-H0PI4DT" failures="0" tests="1" name="readData.ElementConditionalWait" time="15.927" errors="0" timestamp="2022-07-08T10:20:49 IST" skipped="0">
  <testcase classname="readData.ElementConditionalWait" name="login" time="15.927"/>
</testsuite> <!-- readData.ElementConditionalWait -->
