<?xml version="1.0" encoding="UTF-8"?>
<!-- Generated by org.testng.reporters.JUnitReportReporter -->
<testsuite hostname="DESKTOP-H0PI4DT" failures="0" tests="1" name="javascriptExample.AmazonWishListTest" time="0.072" errors="0" timestamp="2022-07-11T09:36:10 IST" skipped="0">
  <testcase classname="javascriptExample.AmazonWishListTest" name="wishList" time="0.072"/>
</testsuite> <!-- javascriptExample.AmazonWishListTest -->
