<?xml version="1.0" encoding="UTF-8"?>
<!-- Generated by org.testng.reporters.JUnitReportReporter -->
<testsuite hostname="DESKTOP-H0PI4DT" failures="0" tests="1" name="actions.payTMFrameExample" time="4.637" errors="0" timestamp="2022-07-11T10:00:25 IST" skipped="0">
  <testcase classname="actions.payTMFrameExample" name="login" time="4.637"/>
</testsuite> <!-- actions.payTMFrameExample -->
