<?xml version="1.0" encoding="UTF-8"?>
<!-- Generated by org.testng.reporters.JUnitReportReporter -->
<testsuite hostname="DESKTOP-H0PI4DT" failures="0" tests="1" name="actions.DragDropTest" time="1.124" errors="0" timestamp="2022-07-08T10:56:44 IST" skipped="0">
  <testcase classname="actions.DragDropTest" name="login" time="1.124"/>
</testsuite> <!-- actions.DragDropTest -->
