<?xml version="1.0" encoding="UTF-8"?>
<!-- Generated by org.testng.reporters.JUnitReportReporter -->
<testsuite hostname="DESKTOP-H0PI4DT" failures="0" tests="2" name="readData.HRMLOginTest" time="10.156" errors="0" timestamp="2022-07-08T10:10:01 IST" skipped="0">
  <testcase classname="readData.HRMLOginTest" name="login" time="4.874"/>
  <testcase classname="readData.HRMLOginTest" name="logout" time="5.282"/>
</testsuite> <!-- readData.HRMLOginTest -->
