<?xml version="1.0" encoding="UTF-8"?>
<!-- Generated by org.testng.reporters.JUnitReportReporter -->
<testsuite hostname="DESKTOP-H0PI4DT" failures="0" tests="2" name="logExample.HRMLoginTestExample" time="7.050" errors="0" timestamp="2022-07-13T09:36:08 IST" skipped="0">
  <testcase classname="logExample.HRMLoginTestExample" name="logout" time="1.496"/>
  <testcase classname="logExample.HRMLoginTestExample" name="login" time="5.554"/>
</testsuite> <!-- logExample.HRMLoginTestExample -->
