<?xml version="1.0" encoding="UTF-8"?>
<!-- Generated by org.testng.reporters.JUnitReportReporter -->
<testsuite hostname="DESKTOP-H0PI4DT" failures="0" tests="1" name="tests.LoginTest" time="4.176" errors="0" timestamp="2022-07-15T10:02:24 IST" skipped="0">
  <testcase classname="tests.LoginTest" name="verifyLoginFeature" time="4.176"/>
</testsuite> <!-- tests.LoginTest -->
